2023-12-19 12:12:35 INFO  LoginPage :39 - Clicking on computer page link : [[ChromeDriver: chrome on windows (4a8af54e28ff67e0221c97ab32d632d4)] -> xpath: //ul[@class='top-menu notmobile']//a[normalize-space()='Computers']]
2023-12-19 12:12:65 INFO  LoginPage :25 - Getting Computers Text : [[ChromeDriver: chrome on windows (4a8af54e28ff67e0221c97ab32d632d4)] -> xpath: //h1[normalize-space()='Computers']]
2023-12-19 12:12:133 INFO  LoginPage :39 - Clicking on computer page link : [[ChromeDriver: chrome on windows (2ae41dad7fe9a857becd1e4b0478927c)] -> xpath: //ul[@class='top-menu notmobile']//a[normalize-space()='Computers']]
2023-12-19 12:12:537 INFO  LoginPage :31 - Clicking On Desktops menu : [[ChromeDriver: chrome on windows (2ae41dad7fe9a857becd1e4b0478927c)] -> xpath: //li[@class='active last']//a[normalize-space()='Desktops']]
2023-12-19 12:12:563 INFO  LoginPage :26 - Getting Computers Text : [[ChromeDriver: chrome on windows (2ae41dad7fe9a857becd1e4b0478927c)] -> xpath: //h1[normalize-space()='Desktops']]
2023-12-19 12:12:485 INFO  LoginPage :39 - Clicking on computer page link : [[ChromeDriver: chrome on windows (1c7d7574f2209ccfb55f0b89e18d648f)] -> xpath: //ul[@class='top-menu notmobile']//a[normalize-space()='Computers']]
2023-12-19 12:12:636 INFO  LoginPage :31 - Clicking On Desktops menu : [[ChromeDriver: chrome on windows (1c7d7574f2209ccfb55f0b89e18d648f)] -> xpath: //li[@class='active last']//a[normalize-space()='Desktops']]
2023-12-19 12:12:177 INFO  LoginPage :32 - Clicking On Build Your Computer link : [[ChromeDriver: chrome on windows (1c7d7574f2209ccfb55f0b89e18d648f)] -> xpath: //h2[@class='product-title']//a[normalize-space()='Build your own computer']]
2023-12-19 12:12:307 INFO  LoginPage :57 - Selecting processor of build your own computer : [[ChromeDriver: chrome on windows (1c7d7574f2209ccfb55f0b89e18d648f)] -> id: product_attribute_1]
2023-12-19 12:12:380 INFO  LoginPage :63 - Selecting RAM of build your own computer : [[ChromeDriver: chrome on windows (1c7d7574f2209ccfb55f0b89e18d648f)] -> id: product_attribute_2]
2023-12-19 12:12:595 INFO  LoginPage :99 - Clicking on add to cart button : [[ChromeDriver: chrome on windows (1c7d7574f2209ccfb55f0b89e18d648f)] -> xpath: //button[@id='add-to-cart-button-1']]
2023-12-19 12:12:256 INFO  LoginPage :103 - Getting Add to cart success message : [[ChromeDriver: chrome on windows (1c7d7574f2209ccfb55f0b89e18d648f)] -> xpath: //p[@class= 'content']]
2023-12-19 12:12:573 INFO  LoginPage :39 - Clicking on computer page link : [[ChromeDriver: chrome on windows (5146f70cb6b0e746f8b6bdc439e8c7ac)] -> xpath: //ul[@class='top-menu notmobile']//a[normalize-space()='Computers']]
2023-12-19 12:12:995 INFO  LoginPage :31 - Clicking On Desktops menu : [[ChromeDriver: chrome on windows (5146f70cb6b0e746f8b6bdc439e8c7ac)] -> xpath: //li[@class='active last']//a[normalize-space()='Desktops']]
2023-12-19 12:12:387 INFO  LoginPage :32 - Clicking On Build Your Computer link : [[ChromeDriver: chrome on windows (5146f70cb6b0e746f8b6bdc439e8c7ac)] -> xpath: //h2[@class='product-title']//a[normalize-space()='Build your own computer']]
2023-12-19 12:12:454 INFO  LoginPage :57 - Selecting processor of build your own computer : [[ChromeDriver: chrome on windows (5146f70cb6b0e746f8b6bdc439e8c7ac)] -> id: product_attribute_1]
2023-12-19 12:12:531 INFO  LoginPage :63 - Selecting RAM of build your own computer : [[ChromeDriver: chrome on windows (5146f70cb6b0e746f8b6bdc439e8c7ac)] -> id: product_attribute_2]
2023-12-19 12:12:557 INFO  LoginPage :72 - Selecting HDDRadios of build your own computer : [[ChromeDriver: chrome on windows (5146f70cb6b0e746f8b6bdc439e8c7ac)] -> xpath: //dd[@id='product_attribute_input_3']//li/label]
2023-12-19 12:12:623 INFO  LoginPage :83 - Selecting oSRadios of build your own computer : [[ChromeDriver: chrome on windows (5146f70cb6b0e746f8b6bdc439e8c7ac)] -> xpath: //dd[@id='product_attribute_input_4']//li/label]
2023-12-19 12:12:678 INFO  LoginPage :93 - Selecting software of build your own computer : [[ChromeDriver: chrome on windows (5146f70cb6b0e746f8b6bdc439e8c7ac)] -> xpath: //dd[@id='product_attribute_input_5']//li/label]
2023-12-19 12:12:748 INFO  LoginPage :99 - Clicking on add to cart button : [[ChromeDriver: chrome on windows (5146f70cb6b0e746f8b6bdc439e8c7ac)] -> xpath: //button[@id='add-to-cart-button-1']]
2023-12-19 12:12:433 INFO  LoginPage :103 - Getting Add to cart success message : [[ChromeDriver: chrome on windows (5146f70cb6b0e746f8b6bdc439e8c7ac)] -> xpath: //p[@class= 'content']]
2023-12-19 12:12:48 INFO  LoginPage :39 - Clicking on computer page link : [[ChromeDriver: chrome on windows (d896e083ce9350298d3aed6c6df0ae5b)] -> xpath: //ul[@class='top-menu notmobile']//a[normalize-space()='Computers']]
2023-12-19 12:12:457 INFO  LoginPage :31 - Clicking On Desktops menu : [[ChromeDriver: chrome on windows (d896e083ce9350298d3aed6c6df0ae5b)] -> xpath: //li[@class='active last']//a[normalize-space()='Desktops']]
2023-12-19 12:12:862 INFO  LoginPage :32 - Clicking On Build Your Computer link : [[ChromeDriver: chrome on windows (d896e083ce9350298d3aed6c6df0ae5b)] -> xpath: //h2[@class='product-title']//a[normalize-space()='Build your own computer']]
2023-12-19 12:12:927 INFO  LoginPage :57 - Selecting processor of build your own computer : [[ChromeDriver: chrome on windows (d896e083ce9350298d3aed6c6df0ae5b)] -> id: product_attribute_1]
2023-12-19 12:12:01 INFO  LoginPage :63 - Selecting RAM of build your own computer : [[ChromeDriver: chrome on windows (d896e083ce9350298d3aed6c6df0ae5b)] -> id: product_attribute_2]
2023-12-19 12:12:88 INFO  LoginPage :83 - Selecting oSRadios of build your own computer : [[ChromeDriver: chrome on windows (d896e083ce9350298d3aed6c6df0ae5b)] -> xpath: //dd[@id='product_attribute_input_4']//li/label]
2023-12-19 12:12:96 INFO  LoginPage :83 - Selecting oSRadios of build your own computer : [[ChromeDriver: chrome on windows (d896e083ce9350298d3aed6c6df0ae5b)] -> xpath: //dd[@id='product_attribute_input_4']//li/label]
2023-12-19 12:12:117 INFO  LoginPage :93 - Selecting software of build your own computer : [[ChromeDriver: chrome on windows (d896e083ce9350298d3aed6c6df0ae5b)] -> xpath: //dd[@id='product_attribute_input_5']//li/label]
2023-12-19 12:12:124 INFO  LoginPage :93 - Selecting software of build your own computer : [[ChromeDriver: chrome on windows (d896e083ce9350298d3aed6c6df0ae5b)] -> xpath: //dd[@id='product_attribute_input_5']//li/label]
2023-12-19 12:12:198 INFO  LoginPage :99 - Clicking on add to cart button : [[ChromeDriver: chrome on windows (d896e083ce9350298d3aed6c6df0ae5b)] -> xpath: //button[@id='add-to-cart-button-1']]
2023-12-19 12:12:857 INFO  LoginPage :103 - Getting Add to cart success message : [[ChromeDriver: chrome on windows (d896e083ce9350298d3aed6c6df0ae5b)] -> xpath: //p[@class= 'content']]
2023-12-19 12:12:153 INFO  HomePage :59 - Clicking on login link : [[ChromeDriver: chrome on windows (cada823a2cc1121b9cdfd23e864387e4)] -> xpath: //a[normalize-space()='Log in']]
2023-12-19 12:12:173 INFO  HomePage :42 - Getting welcome text : [[ChromeDriver: chrome on windows (cada823a2cc1121b9cdfd23e864387e4)] -> xpath: //h1[normalize-space()='Welcome, Please Sign In!']]
2023-12-19 12:12:904 INFO  HomePage :59 - Clicking on login link : [[ChromeDriver: chrome on windows (2a916f1d5c8e5cc2ef7b940f9c079cdb)] -> xpath: //a[normalize-space()='Log in']]
2023-12-19 12:12:992 INFO  HomePage :48 - Entering email : [[ChromeDriver: chrome on windows (2a916f1d5c8e5cc2ef7b940f9c079cdb)] -> id: Email]
2023-12-19 12:12:52 INFO  HomePage :54 - Entering password : [[ChromeDriver: chrome on windows (2a916f1d5c8e5cc2ef7b940f9c079cdb)] -> name: Password]
2023-12-19 12:12:343 INFO  HomePage :64 - Clicking on login button : [[ChromeDriver: chrome on windows (2a916f1d5c8e5cc2ef7b940f9c079cdb)] -> xpath: //button[normalize-space()='Log in']]
2023-12-19 12:12:367 INFO  HomePage :68 - Getting login unsuccessful message : [[ChromeDriver: chrome on windows (2a916f1d5c8e5cc2ef7b940f9c079cdb)] -> xpath: //div[@class='message-error validation-summary-errors']]
2023-12-19 12:12:37 INFO  HomePage :59 - Clicking on login link : [[ChromeDriver: chrome on windows (926f80d8ff2cc4c1f3343faf284a6b2a)] -> xpath: //a[normalize-space()='Log in']]
2023-12-19 12:12:122 INFO  HomePage :48 - Entering email : [[ChromeDriver: chrome on windows (926f80d8ff2cc4c1f3343faf284a6b2a)] -> id: Email]
2023-12-19 12:12:191 INFO  HomePage :54 - Entering password : [[ChromeDriver: chrome on windows (926f80d8ff2cc4c1f3343faf284a6b2a)] -> name: Password]
2023-12-19 12:12:692 INFO  HomePage :64 - Clicking on login button : [[ChromeDriver: chrome on windows (926f80d8ff2cc4c1f3343faf284a6b2a)] -> xpath: //button[normalize-space()='Log in']]
2023-12-19 12:12:712 INFO  LoginPage :53 - Logout link display : [[ChromeDriver: chrome on windows (926f80d8ff2cc4c1f3343faf284a6b2a)] -> xpath: //a[normalize-space()='Log out']]
2023-12-19 12:12:419 INFO  HomePage :59 - Clicking on login link : [[ChromeDriver: chrome on windows (21598b7afcd10b7ded430f0af9a2a98a)] -> xpath: //a[normalize-space()='Log in']]
2023-12-19 12:12:496 INFO  HomePage :48 - Entering email : [[ChromeDriver: chrome on windows (21598b7afcd10b7ded430f0af9a2a98a)] -> id: Email]
2023-12-19 12:12:556 INFO  HomePage :54 - Entering password : [[ChromeDriver: chrome on windows (21598b7afcd10b7ded430f0af9a2a98a)] -> name: Password]
2023-12-19 12:12:42 INFO  HomePage :64 - Clicking on login button : [[ChromeDriver: chrome on windows (21598b7afcd10b7ded430f0af9a2a98a)] -> xpath: //button[normalize-space()='Log in']]
2023-12-19 12:12:510 INFO  LoginPage :49 - Click on logout link : [[ChromeDriver: chrome on windows (21598b7afcd10b7ded430f0af9a2a98a)] -> xpath: //a[normalize-space()='Log out']]
2023-12-19 12:12:530 INFO  LoginPage :61 - Login link display : [[ChromeDriver: chrome on windows (21598b7afcd10b7ded430f0af9a2a98a)] -> link text: Log in]
2023-12-19 12:12:780 INFO  LoginPage :69 - Clicking on register link : [[ChromeDriver: chrome on windows (771b526db127f7aac4692ac684e43a01)] -> link text: Register]
2023-12-19 12:12:805 INFO  RegisterPage :87 - Getting welcome message : [[ChromeDriver: chrome on windows (771b526db127f7aac4692ac684e43a01)] -> xpath: //h1[normalize-space()='Register']]
2023-12-19 12:12:397 INFO  LoginPage :69 - Clicking on register link : [[ChromeDriver: chrome on windows (4f2655a4e2f5e9ebd91fa5a28feab2ef)] -> link text: Register]
2023-12-19 12:12:462 INFO  RegisterPage :118 - Clicking on register button : [[ChromeDriver: chrome on windows (4f2655a4e2f5e9ebd91fa5a28feab2ef)] -> xpath: //button[@id='register-button']]
2023-12-19 12:12:476 INFO  RegisterPage :127 - Getting error message for firstname field : [[ChromeDriver: chrome on windows (4f2655a4e2f5e9ebd91fa5a28feab2ef)] -> id: FirstName-error]
2023-12-19 12:12:502 INFO  RegisterPage :132 - Getting error message for lastname field : [[ChromeDriver: chrome on windows (4f2655a4e2f5e9ebd91fa5a28feab2ef)] -> id: LastName-error]
2023-12-19 12:12:525 INFO  RegisterPage :137 - Getting error message for email field : [[ChromeDriver: chrome on windows (4f2655a4e2f5e9ebd91fa5a28feab2ef)] -> id: Email-error]
2023-12-19 12:12:544 INFO  RegisterPage :142 - Getting error message for password field : [[ChromeDriver: chrome on windows (4f2655a4e2f5e9ebd91fa5a28feab2ef)] -> id: Password-error]
2023-12-19 12:12:562 INFO  RegisterPage :147 - Getting error message for conform password field : [[ChromeDriver: chrome on windows (4f2655a4e2f5e9ebd91fa5a28feab2ef)] -> id: ConfirmPassword-error]
2023-12-19 12:12:162 INFO  LoginPage :69 - Clicking on register link : [[ChromeDriver: chrome on windows (b62f77afd77c117049bcbb1054e47538)] -> link text: Register]
2023-12-19 12:12:225 INFO  RegisterPage :153 - Clicking on male radio button : [[ChromeDriver: chrome on windows (b62f77afd77c117049bcbb1054e47538)] -> id: gender-female]
2023-12-19 12:12:281 INFO  RegisterPage :93 - Sending text to firstname field : [[ChromeDriver: chrome on windows (b62f77afd77c117049bcbb1054e47538)] -> xpath: //input[@id='FirstName']]
2023-12-19 12:12:332 INFO  RegisterPage :98 - Sending text to lastname field : [[ChromeDriver: chrome on windows (b62f77afd77c117049bcbb1054e47538)] -> xpath: //input[@id='LastName']]
2023-12-19 12:12:407 INFO  RegisterPage :158 - Selecting day for DOB : [[ChromeDriver: chrome on windows (b62f77afd77c117049bcbb1054e47538)] -> xpath: //select[@name='DateOfBirthDay']]
2023-12-19 12:12:471 INFO  RegisterPage :163 - Selecting month for DOB : [[ChromeDriver: chrome on windows (b62f77afd77c117049bcbb1054e47538)] -> xpath: //select[@name='DateOfBirthMonth']]
2023-12-19 12:12:531 INFO  RegisterPage :168 - Selecting year for DOB : [[ChromeDriver: chrome on windows (b62f77afd77c117049bcbb1054e47538)] -> xpath: //select[@name='DateOfBirthYear']]
2023-12-19 12:12:597 INFO  RegisterPage :103 - Sending text to email field : [[ChromeDriver: chrome on windows (b62f77afd77c117049bcbb1054e47538)] -> xpath: //input[@id='Email']]
2023-12-19 12:12:658 INFO  RegisterPage :108 - Sending text to password field : [[ChromeDriver: chrome on windows (b62f77afd77c117049bcbb1054e47538)] -> xpath: //input[@id='Password']]
2023-12-19 12:12:708 INFO  RegisterPage :113 - Sending text to confirm password field : [[ChromeDriver: chrome on windows (b62f77afd77c117049bcbb1054e47538)] -> xpath: //input[@id='ConfirmPassword']]
2023-12-19 12:12:184 INFO  RegisterPage :118 - Clicking on register button : [[ChromeDriver: chrome on windows (b62f77afd77c117049bcbb1054e47538)] -> xpath: //button[@id='register-button']]
2023-12-19 12:12:229 INFO  RegisterPage :122 - Getting text from confirmation message : [[ChromeDriver: chrome on windows (b62f77afd77c117049bcbb1054e47538)] -> xpath: //div[@class='result']]
2023-12-19 19:12:852 INFO  LoginPage :39 - Clicking on computer page link : [[ChromeDriver: chrome on windows (1e35eff2f34068a18267e18aac603d64)] -> xpath: //ul[@class='top-menu notmobile']//a[normalize-space()='Computers']]
2023-12-19 19:12:927 INFO  LoginPage :25 - Getting Computers Text : [[ChromeDriver: chrome on windows (1e35eff2f34068a18267e18aac603d64)] -> xpath: //h1[normalize-space()='Computers']]
2023-12-19 19:12:34 INFO  LoginPage :39 - Clicking on computer page link : [[ChromeDriver: chrome on windows (06e25669ccd6b1b3246b6cb6b945f49b)] -> xpath: //ul[@class='top-menu notmobile']//a[normalize-space()='Computers']]
2023-12-19 19:12:436 INFO  LoginPage :31 - Clicking On Desktops menu : [[ChromeDriver: chrome on windows (06e25669ccd6b1b3246b6cb6b945f49b)] -> xpath: //li[@class='active last']//a[normalize-space()='Desktops']]
2023-12-19 19:12:475 INFO  LoginPage :26 - Getting Computers Text : [[ChromeDriver: chrome on windows (06e25669ccd6b1b3246b6cb6b945f49b)] -> xpath: //h1[normalize-space()='Desktops']]
2023-12-19 19:12:467 INFO  LoginPage :39 - Clicking on computer page link : [[ChromeDriver: chrome on windows (8283c025ab98c8e7b3ceefbb00a41c4c)] -> xpath: //ul[@class='top-menu notmobile']//a[normalize-space()='Computers']]
2023-12-19 19:12:868 INFO  LoginPage :31 - Clicking On Desktops menu : [[ChromeDriver: chrome on windows (8283c025ab98c8e7b3ceefbb00a41c4c)] -> xpath: //li[@class='active last']//a[normalize-space()='Desktops']]
2023-12-19 19:12:270 INFO  LoginPage :32 - Clicking On Build Your Computer link : [[ChromeDriver: chrome on windows (8283c025ab98c8e7b3ceefbb00a41c4c)] -> xpath: //h2[@class='product-title']//a[normalize-space()='Build your own computer']]
2023-12-19 19:12:440 INFO  LoginPage :57 - Selecting processor of build your own computer : [[ChromeDriver: chrome on windows (8283c025ab98c8e7b3ceefbb00a41c4c)] -> id: product_attribute_1]
2023-12-19 19:12:544 INFO  LoginPage :63 - Selecting RAM of build your own computer : [[ChromeDriver: chrome on windows (8283c025ab98c8e7b3ceefbb00a41c4c)] -> id: product_attribute_2]
2023-12-19 19:12:755 INFO  LoginPage :99 - Clicking on add to cart button : [[ChromeDriver: chrome on windows (8283c025ab98c8e7b3ceefbb00a41c4c)] -> xpath: //button[@id='add-to-cart-button-1']]
2023-12-19 19:12:398 INFO  LoginPage :103 - Getting Add to cart success message : [[ChromeDriver: chrome on windows (8283c025ab98c8e7b3ceefbb00a41c4c)] -> xpath: //p[@class= 'content']]
2023-12-19 19:12:181 INFO  LoginPage :39 - Clicking on computer page link : [[ChromeDriver: chrome on windows (70e32c5c1e5f96a927a3d3641c5c6dcd)] -> xpath: //ul[@class='top-menu notmobile']//a[normalize-space()='Computers']]
2023-12-19 19:12:598 INFO  LoginPage :31 - Clicking On Desktops menu : [[ChromeDriver: chrome on windows (70e32c5c1e5f96a927a3d3641c5c6dcd)] -> xpath: //li[@class='active last']//a[normalize-space()='Desktops']]
2023-12-19 19:12:05 INFO  LoginPage :32 - Clicking On Build Your Computer link : [[ChromeDriver: chrome on windows (70e32c5c1e5f96a927a3d3641c5c6dcd)] -> xpath: //h2[@class='product-title']//a[normalize-space()='Build your own computer']]
2023-12-19 19:12:80 INFO  LoginPage :57 - Selecting processor of build your own computer : [[ChromeDriver: chrome on windows (70e32c5c1e5f96a927a3d3641c5c6dcd)] -> id: product_attribute_1]
2023-12-19 19:12:178 INFO  LoginPage :63 - Selecting RAM of build your own computer : [[ChromeDriver: chrome on windows (70e32c5c1e5f96a927a3d3641c5c6dcd)] -> id: product_attribute_2]
2023-12-19 19:12:216 INFO  LoginPage :72 - Selecting HDDRadios of build your own computer : [[ChromeDriver: chrome on windows (70e32c5c1e5f96a927a3d3641c5c6dcd)] -> xpath: //dd[@id='product_attribute_input_3']//li/label]
2023-12-19 19:12:284 INFO  LoginPage :83 - Selecting oSRadios of build your own computer : [[ChromeDriver: chrome on windows (70e32c5c1e5f96a927a3d3641c5c6dcd)] -> xpath: //dd[@id='product_attribute_input_4']//li/label]
2023-12-19 19:12:344 INFO  LoginPage :93 - Selecting software of build your own computer : [[ChromeDriver: chrome on windows (70e32c5c1e5f96a927a3d3641c5c6dcd)] -> xpath: //dd[@id='product_attribute_input_5']//li/label]
2023-12-19 19:12:428 INFO  LoginPage :99 - Clicking on add to cart button : [[ChromeDriver: chrome on windows (70e32c5c1e5f96a927a3d3641c5c6dcd)] -> xpath: //button[@id='add-to-cart-button-1']]
2023-12-19 19:12:70 INFO  LoginPage :103 - Getting Add to cart success message : [[ChromeDriver: chrome on windows (70e32c5c1e5f96a927a3d3641c5c6dcd)] -> xpath: //p[@class= 'content']]
2023-12-19 19:12:408 INFO  LoginPage :39 - Clicking on computer page link : [[ChromeDriver: chrome on windows (69108073865d5ae5dfa895ead58caa90)] -> xpath: //ul[@class='top-menu notmobile']//a[normalize-space()='Computers']]
2023-12-19 19:12:459 INFO  LoginPage :31 - Clicking On Desktops menu : [[ChromeDriver: chrome on windows (69108073865d5ae5dfa895ead58caa90)] -> xpath: //li[@class='active last']//a[normalize-space()='Desktops']]
2023-12-19 19:12:253 INFO  LoginPage :32 - Clicking On Build Your Computer link : [[ChromeDriver: chrome on windows (69108073865d5ae5dfa895ead58caa90)] -> xpath: //h2[@class='product-title']//a[normalize-space()='Build your own computer']]
2023-12-19 19:12:338 INFO  LoginPage :57 - Selecting processor of build your own computer : [[ChromeDriver: chrome on windows (69108073865d5ae5dfa895ead58caa90)] -> id: product_attribute_1]
2023-12-19 19:12:440 INFO  LoginPage :63 - Selecting RAM of build your own computer : [[ChromeDriver: chrome on windows (69108073865d5ae5dfa895ead58caa90)] -> id: product_attribute_2]
2023-12-19 19:12:541 INFO  LoginPage :83 - Selecting oSRadios of build your own computer : [[ChromeDriver: chrome on windows (69108073865d5ae5dfa895ead58caa90)] -> xpath: //dd[@id='product_attribute_input_4']//li/label]
2023-12-19 19:12:548 INFO  LoginPage :83 - Selecting oSRadios of build your own computer : [[ChromeDriver: chrome on windows (69108073865d5ae5dfa895ead58caa90)] -> xpath: //dd[@id='product_attribute_input_4']//li/label]
2023-12-19 19:12:568 INFO  LoginPage :93 - Selecting software of build your own computer : [[ChromeDriver: chrome on windows (69108073865d5ae5dfa895ead58caa90)] -> xpath: //dd[@id='product_attribute_input_5']//li/label]
2023-12-19 19:12:578 INFO  LoginPage :93 - Selecting software of build your own computer : [[ChromeDriver: chrome on windows (69108073865d5ae5dfa895ead58caa90)] -> xpath: //dd[@id='product_attribute_input_5']//li/label]
2023-12-19 19:12:679 INFO  LoginPage :99 - Clicking on add to cart button : [[ChromeDriver: chrome on windows (69108073865d5ae5dfa895ead58caa90)] -> xpath: //button[@id='add-to-cart-button-1']]
2023-12-19 19:12:327 INFO  LoginPage :103 - Getting Add to cart success message : [[ChromeDriver: chrome on windows (69108073865d5ae5dfa895ead58caa90)] -> xpath: //p[@class= 'content']]
2023-12-19 19:12:509 INFO  HomePage :59 - Clicking on login link : [[ChromeDriver: chrome on windows (2f5967ef5aafb00b0c2aa5f72a26ba07)] -> xpath: //a[normalize-space()='Log in']]
2023-12-19 19:12:531 INFO  HomePage :42 - Getting welcome text : [[ChromeDriver: chrome on windows (2f5967ef5aafb00b0c2aa5f72a26ba07)] -> xpath: //h1[normalize-space()='Welcome, Please Sign In!']]
2023-12-19 19:12:946 INFO  HomePage :59 - Clicking on login link : [[ChromeDriver: chrome on windows (ea878bb11b763061e9972b0bf1804f84)] -> xpath: //a[normalize-space()='Log in']]
2023-12-19 19:12:47 INFO  HomePage :48 - Entering email : [[ChromeDriver: chrome on windows (ea878bb11b763061e9972b0bf1804f84)] -> id: Email]
2023-12-19 19:12:113 INFO  HomePage :54 - Entering password : [[ChromeDriver: chrome on windows (ea878bb11b763061e9972b0bf1804f84)] -> name: Password]
2023-12-19 19:12:427 INFO  HomePage :64 - Clicking on login button : [[ChromeDriver: chrome on windows (ea878bb11b763061e9972b0bf1804f84)] -> xpath: //button[normalize-space()='Log in']]
2023-12-19 19:12:459 INFO  HomePage :68 - Getting login unsuccessful message : [[ChromeDriver: chrome on windows (ea878bb11b763061e9972b0bf1804f84)] -> xpath: //div[@class='message-error validation-summary-errors']]
2023-12-19 19:12:154 INFO  HomePage :59 - Clicking on login link : [[ChromeDriver: chrome on windows (edbeda8e3efb6be4ee58cce5ad8260fe)] -> xpath: //a[normalize-space()='Log in']]
2023-12-19 19:12:277 INFO  HomePage :48 - Entering email : [[ChromeDriver: chrome on windows (edbeda8e3efb6be4ee58cce5ad8260fe)] -> id: Email]
2023-12-19 19:12:343 INFO  HomePage :54 - Entering password : [[ChromeDriver: chrome on windows (edbeda8e3efb6be4ee58cce5ad8260fe)] -> name: Password]
2023-12-19 19:12:854 INFO  HomePage :64 - Clicking on login button : [[ChromeDriver: chrome on windows (edbeda8e3efb6be4ee58cce5ad8260fe)] -> xpath: //button[normalize-space()='Log in']]
2023-12-19 19:12:870 INFO  LoginPage :53 - Logout link display : [[ChromeDriver: chrome on windows (edbeda8e3efb6be4ee58cce5ad8260fe)] -> xpath: //a[normalize-space()='Log out']]
2023-12-19 19:12:670 INFO  HomePage :59 - Clicking on login link : [[ChromeDriver: chrome on windows (cccd96151b148366efbbc0c0b818b690)] -> xpath: //a[normalize-space()='Log in']]
2023-12-19 19:12:760 INFO  HomePage :48 - Entering email : [[ChromeDriver: chrome on windows (cccd96151b148366efbbc0c0b818b690)] -> id: Email]
2023-12-19 19:12:828 INFO  HomePage :54 - Entering password : [[ChromeDriver: chrome on windows (cccd96151b148366efbbc0c0b818b690)] -> name: Password]
2023-12-19 19:12:339 INFO  HomePage :64 - Clicking on login button : [[ChromeDriver: chrome on windows (cccd96151b148366efbbc0c0b818b690)] -> xpath: //button[normalize-space()='Log in']]
2023-12-19 19:12:828 INFO  LoginPage :49 - Click on logout link : [[ChromeDriver: chrome on windows (cccd96151b148366efbbc0c0b818b690)] -> xpath: //a[normalize-space()='Log out']]
2023-12-19 19:12:847 INFO  LoginPage :61 - Login link display : [[ChromeDriver: chrome on windows (cccd96151b148366efbbc0c0b818b690)] -> link text: Log in]
2023-12-19 19:12:752 INFO  LoginPage :69 - Clicking on register link : [[ChromeDriver: chrome on windows (7f0a87e1beb6750922e1248706b35f7d)] -> link text: Register]
2023-12-19 19:12:786 INFO  RegisterPage :87 - Getting welcome message : [[ChromeDriver: chrome on windows (7f0a87e1beb6750922e1248706b35f7d)] -> xpath: //h1[normalize-space()='Register']]
2023-12-19 19:12:916 INFO  LoginPage :69 - Clicking on register link : [[ChromeDriver: chrome on windows (2d1aabb04357ade08a4162c418ac3237)] -> link text: Register]
2023-12-19 19:12:991 INFO  RegisterPage :118 - Clicking on register button : [[ChromeDriver: chrome on windows (2d1aabb04357ade08a4162c418ac3237)] -> xpath: //button[@id='register-button']]
2023-12-19 19:12:10 INFO  RegisterPage :127 - Getting error message for firstname field : [[ChromeDriver: chrome on windows (2d1aabb04357ade08a4162c418ac3237)] -> id: FirstName-error]
2023-12-19 19:12:48 INFO  RegisterPage :132 - Getting error message for lastname field : [[ChromeDriver: chrome on windows (2d1aabb04357ade08a4162c418ac3237)] -> id: LastName-error]
2023-12-19 19:12:70 INFO  RegisterPage :137 - Getting error message for email field : [[ChromeDriver: chrome on windows (2d1aabb04357ade08a4162c418ac3237)] -> id: Email-error]
2023-12-19 19:12:90 INFO  RegisterPage :142 - Getting error message for password field : [[ChromeDriver: chrome on windows (2d1aabb04357ade08a4162c418ac3237)] -> id: Password-error]
2023-12-19 19:12:110 INFO  RegisterPage :147 - Getting error message for conform password field : [[ChromeDriver: chrome on windows (2d1aabb04357ade08a4162c418ac3237)] -> id: ConfirmPassword-error]
2023-12-19 19:12:970 INFO  LoginPage :69 - Clicking on register link : [[ChromeDriver: chrome on windows (c617d4f1c7fab41bf2c591463a19f51f)] -> link text: Register]
2023-12-19 19:12:40 INFO  RegisterPage :153 - Clicking on male radio button : [[ChromeDriver: chrome on windows (c617d4f1c7fab41bf2c591463a19f51f)] -> id: gender-female]
2023-12-19 19:12:114 INFO  RegisterPage :93 - Sending text to firstname field : [[ChromeDriver: chrome on windows (c617d4f1c7fab41bf2c591463a19f51f)] -> xpath: //input[@id='FirstName']]
2023-12-19 19:12:169 INFO  RegisterPage :98 - Sending text to lastname field : [[ChromeDriver: chrome on windows (c617d4f1c7fab41bf2c591463a19f51f)] -> xpath: //input[@id='LastName']]
2023-12-19 19:12:261 INFO  RegisterPage :158 - Selecting day for DOB : [[ChromeDriver: chrome on windows (c617d4f1c7fab41bf2c591463a19f51f)] -> xpath: //select[@name='DateOfBirthDay']]
2023-12-19 19:12:348 INFO  RegisterPage :163 - Selecting month for DOB : [[ChromeDriver: chrome on windows (c617d4f1c7fab41bf2c591463a19f51f)] -> xpath: //select[@name='DateOfBirthMonth']]
2023-12-19 19:12:422 INFO  RegisterPage :168 - Selecting year for DOB : [[ChromeDriver: chrome on windows (c617d4f1c7fab41bf2c591463a19f51f)] -> xpath: //select[@name='DateOfBirthYear']]
2023-12-19 19:12:497 INFO  RegisterPage :103 - Sending text to email field : [[ChromeDriver: chrome on windows (c617d4f1c7fab41bf2c591463a19f51f)] -> xpath: //input[@id='Email']]
2023-12-19 19:12:553 INFO  RegisterPage :108 - Sending text to password field : [[ChromeDriver: chrome on windows (c617d4f1c7fab41bf2c591463a19f51f)] -> xpath: //input[@id='Password']]
2023-12-19 19:12:615 INFO  RegisterPage :113 - Sending text to confirm password field : [[ChromeDriver: chrome on windows (c617d4f1c7fab41bf2c591463a19f51f)] -> xpath: //input[@id='ConfirmPassword']]
2023-12-19 19:12:122 INFO  RegisterPage :118 - Clicking on register button : [[ChromeDriver: chrome on windows (c617d4f1c7fab41bf2c591463a19f51f)] -> xpath: //button[@id='register-button']]
2023-12-19 19:12:146 INFO  RegisterPage :122 - Getting text from confirmation message : [[ChromeDriver: chrome on windows (c617d4f1c7fab41bf2c591463a19f51f)] -> xpath: //div[@class='result']]
